"../../../Engine/Content/EditorResources/S_Actor.uasset" 0
"../../../Engine/Content/EngineFonts/Roboto.uasset" 1
"../../../Engine/Content/Functions/Engine_MaterialFunctions01/Shading/PowerToRoughness.uasset" 2
"../../../Engine/Content/Functions/Engine_MaterialFunctions01/Shading/ConvertFromDiffSpec.uasset" 3
"../../../Engine/Content/EngineMaterials/DefaultDiffuse.uasset" 4
"../../../Engine/Content/EngineMaterials/DefaultDeferredDecalMaterial.uasset" 5
"../../../Engine/Content/EngineMaterials/DefaultLightFunctionMaterial.uasset" 6
"../../../Engine/Content/Functions/Engine_MaterialFunctions02/Utility/BreakOutFloat2Components.uasset" 7
"../../../Engine/Content/EngineMaterials/DefaultPostProcessMaterial.uasset" 8
"../../../Engine/Content/EngineResources/DefaultTexture.uasset" 9
"../../../Engine/Content/Functions/Engine_MaterialFunctions01/Texturing/ScaleUVsByCenter.uasset" 10
"../../../Engine/Content/Functions/Engine_MaterialFunctions02/ScreenResolution.uasset" 11
"../../../Engine/Content/Functions/Engine_MaterialFunctions02/Texturing/ScreenAlignedUVs.uasset" 12
"../../../Engine/Content/EngineResources/WhiteSquareTexture.uasset" 13
"../../../Engine/Content/EngineMaterials/Widget3DPassThrough.uasset" 14
"../../../Engine/Content/EngineMaterials/Widget3DPassThrough_Translucent.uasset" 15
"../../../Engine/Content/EngineMaterials/Widget3DPassThrough_Translucent_OneSided.uasset" 16
"../../../Engine/Content/EngineMaterials/Widget3DPassThrough_Opaque.uasset" 17
"../../../Engine/Content/EngineMaterials/Widget3DPassThrough_Opaque_OneSided.uasset" 18
"../../../Engine/Content/EngineMaterials/Widget3DPassThrough_Masked.uasset" 19
"../../../Engine/Content/EngineMaterials/Widget3DPassThrough_Masked_OneSided.uasset" 20
"../../../Engine/Content/EngineResources/AICON-Red.uasset" 21
"../../../Engine/Content/EngineResources/AICON-Green.uasset" 22
"../../../Engine/Content/Maps/Templates/Thumbnails/Default.uasset" 23
"../../../Engine/Content/Maps/Templates/Thumbnails/VR-Basic.uasset" 24
"../../../Engine/Content/EditorMaterials/ParticleSystems/PSysThumbnail_NoImage.uasset" 25
"../../../Engine/Content/EditorMaterials/ParticleSystems/PSysThumbnail_OOD.uasset" 26
"../../../Engine/Content/EditorLandscapeResources/DataLayer.uasset" 27
"../../../Engine/Content/EngineDamageTypes/DmgTypeBP_Environmental.uasset" 28
"../../../Engine/Content/EngineMeshes/Sphere.uasset" 29
"../../../Engine/Content/EngineFonts/RobotoDistanceField.uasset" 30
"../../../Engine/Content/EngineMaterials/DefaultTextMaterialOpaque.uasset" 31
"../../../Engine/Content/EditorResources/S_Trigger.uasset" 32
"../../../Engine/Content/EngineResources/GradientTexture0.uasset" 33
"../../../Engine/Content/EngineResources/Black.uasset" 34
"../../../Engine/Content/EditorMaterials/MatineeGroups/MAT_Groups_Float.uasset" 35
"../../../Engine/Content/EditorMaterials/MatineeGroups/MAT_Groups_Director.uasset" 36
"../../../Engine/Content/EditorMaterials/MatineeGroups/MAT_Groups_Event.uasset" 37
"../../../Engine/Content/EditorMaterials/MatineeGroups/MAT_Groups_Anim.uasset" 38
"../../../Engine/Content/EditorMaterials/MatineeGroups/MAT_Groups_Fade.uasset" 39
"../../../Engine/Content/EditorMaterials/MatineeGroups/MAT_Groups_Move.uasset" 40
"../../../Engine/Content/EditorMaterials/MatineeGroups/MAT_Groups_Slomo.uasset" 41
"../../../Engine/Content/EditorMaterials/MatineeGroups/MAT_ColorTrack.uasset" 42
"../../../Engine/Content/EditorMaterials/MAT_Groups_Toggle.uasset" 43
"../../../Engine/Content/EditorMaterials/MatineeGroups/MAT_Groups_AudioMaster.uasset" 44
"../../../Engine/Content/EditorMaterials/MatineeGroups/MAT_Groups_Sound.uasset" 45
"../../../Engine/Content/EditorMaterials/MatineeGroups/MAT_Groups_Vector.uasset" 46
"../../../Engine/Content/EditorMaterials/MAT_Groups_Visibility.uasset" 47
"../../../Engine/Content/EngineResources/DefaultTextureCube.uasset" 48
"../../../Engine/Content/Functions/Engine_MaterialFunctions01/Opacity/CameraDepthFade.uasset" 49
"../../../Engine/Content/EngineMaterials/T_Default_Material_Grid_M.uasset" 50
"../../../Engine/Content/EngineMaterials/T_Default_Material_Grid_N.uasset" 51
"../../../Engine/Content/EngineMaterials/DefaultMaterial.uasset" 52
"../../../Engine/Content/EngineMeshes/Cylinder.uasset" 53
"../../../Engine/Content/EngineTireTypes/DefaultTireType.uasset" 54
"../../../Engine/Content/EditorMaterials/Camera/CineMat.uasset" 55
"../../../Engine/Content/EditorMaterials/Camera/MI_CineMat_Rig.uasset" 56
"../../../Engine/Content/EditorMeshes/Camera/SM_CraneRig_Base.uasset" 57
"../../../Engine/Content/EditorMeshes/Camera/SM_CraneRig_Arm.uasset" 58
"../../../Engine/Content/EditorMeshes/Camera/SM_CraneRig_Mount.uasset" 59
"../../../Engine/Content/EditorMeshes/Camera/SM_CraneRig_Body.uasset" 60
"../../../Engine/Content/EditorMeshes/Camera/SM_RailRig_Track.uasset" 61
"../../../Engine/Content/EditorMeshes/Camera/SM_RailRig_Mount.uasset" 62
"../../../Engine/Content/VREditor/LaserPointer/VR_LaserPower_01.uasset" 63
"../../../Engine/Content/VREditor/TransformGizmo/TransformGizmoMaterial.uasset" 64
"../../../Engine/Content/VREditor/TransformGizmo/TranslucentTransformGizmoMaterial.uasset" 65
"../../../Engine/Content/VREditor/TransformGizmo/TranslationHandle.uasset" 66
"../../../Engine/Content/VREditor/TransformGizmo/PlaneTranslationHandle.uasset" 67
"../../../Engine/Content/VREditor/TransformGizmo/RotationHandle.uasset" 68
"../../../Engine/Content/VREditor/TransformGizmo/StretchingHandle.uasset" 69
"../../../Engine/Content/VREditor/TransformGizmo/BoundingBoxCorner.uasset" 70
"../../../Engine/Content/VREditor/TransformGizmo/BoundingBoxEdge.uasset" 71
"../../../Engine/Content/VREditor/TransformGizmo/UniformScaleHandle.uasset" 72
"../../../Engine/Content/VREditor/FloatingText/LineMaterial.uasset" 73
"../../../Engine/Content/VREditor/FloatingText/LineSegmentCylinder.uasset" 74
"../../../Engine/Content/VREditor/FloatingText/JointSphere.uasset" 75
"../../../Engine/Content/VREditor/Fonts/VRText_RobotoLarge.uasset" 76
"../../../Engine/Content/VREditor/Fonts/VRTextMaterial.uasset" 77
"../../../Engine/Content/VREditor/Fonts/TranslucentVRTextMaterial.uasset" 78
"../../../Engine/Content/VREditor/UI/SelectionBarMesh.uasset" 79
"../../../Engine/Content/VREditor/UI/CloseButtonMesh.uasset" 80
"../../../Engine/Content/Tutorial/ContentIntroCurve.uasset" 81
"../../../Engine/Plugins/2D/Paper2D/Content/PlaceholderTextures/DummySpriteTexture.uasset" 82
"../../../Engine/Plugins/2D/Paper2D/Content/DefaultSpriteMaterial.uasset" 83
"../../../Engine/Plugins/2D/Paper2D/Content/MaskedUnlitSpriteMaterial.uasset" 84
"../../../Engine/Plugins/2D/Paper2D/Content/OpaqueUnlitSpriteMaterial.uasset" 85
"../../../Engine/Plugins/2D/Paper2D/Content/DummySprite.uasset" 86
"../../../Engine/Plugins/2D/Paper2D/Content/DefaultPaperTerrainMaterial.uasset" 87
"../../../Engine/Content/Functions/Engine_MaterialFunctions02/Utility/MakeFloat3.uasset" 88
"../../../UMod/Content/UMod/Materials/Textures/Beam.uasset" 89
"../../../UMod/Content/UMod/Materials/Beam.uasset" 90
"../../../UMod/Content/UMod/Particles/LaserBeam.uasset" 91
"../../../Engine/Content/MobileResources/HUD/MobileHUDDirectionPad2.uasset" 92
"../../../UMod/Content/UMod/Materials/Textures/SmokeTiled.uasset" 93
"../../../Engine/Content/MobileResources/HUD/MobileHUDDirectionStick.uasset" 94
"../../../Engine/Content/MobileResources/HUD/MobileHUDButtonFire.uasset" 95
"../../../Engine/Content/MobileResources/HUD/MobileHUDDirectionPad.uasset" 96
"../../../UMod/Content/Internal/Textures/FirstPersonCrosshair.uasset" 97
"../../../Engine/Content/MobileResources/HUD/MobileHUDDirectionPad3.uasset" 98
"../../../Engine/Content/MobileResources/HUD/MobileHUDButton3.uasset" 99
"../../../Engine/Content/MobileResources/HUD/MobileHUDButton1_off.uasset" 100
"../../../UMod/Content/UMod/Character/PlayerSkeleton.uasset" 101
"../../../UMod/Content/UMod/Character/Animations/Idle.uasset" 102
"../../../UMod/Content/UMod/Character/Animations/Jump.uasset" 103
"../../../UMod/Content/UMod/Character/Animations/Run.uasset" 104
"../../../UMod/Content/UMod/Character/Animations/Walk.uasset" 105
"../../../UMod/Content/UMod/Character/Animations/WalkRun.uasset" 106
"../../../UMod/Content/UMod/Character/PlayerAnimator.uasset" 107
"../../../UMod/Content/UMod/Character/GuardSoldier.uasset" 108
"../../../UMod/Content/Internal/Blueprints/UModPlayer.uasset" 109
"../../../Engine/Content/EngineMaterials/RemoveSurfaceMaterial.uasset" 110
"../../../Engine/Content/EngineDebugMaterials/DebugMeshMaterial.uasset" 111
"../../../Engine/Content/EngineMaterials/InvalidLightmapSettings.uasset" 112
"../../../Engine/Content/EngineMaterials/M_InvalidLightmapSettings.uasset" 113
"../../../Engine/Content/EditorMaterials/GizmoMaterial.uasset" 114
"../../../Engine/Content/EngineMaterials/Good64x64TilingNoiseHighFreq.uasset" 115
"../../../Engine/Content/EngineMaterials/DefaultBokeh.uasset" 116
"../../../Engine/Content/EngineMaterials/PreintegratedSkinBRDF.uasset" 117
"../../../Engine/Content/EngineMaterials/MiniFont.uasset" 118
"../../../Engine/Content/EngineMaterials/WeightMapPlaceholderTexture.uasset" 119
"../../../Engine/Content/EngineMaterials/DefaultWhiteGrid.uasset" 120
"../../../Engine/Content/EngineFonts/RobotoTiny.uasset" 121
"../../../Engine/Content/EditorSounds/Notifications/CompileSuccess.uasset" 122
"../../../Engine/Content/EditorSounds/Notifications/CompileStart_Cue.uasset" 123
"../../../Engine/Content/EditorSounds/Notifications/CompileSuccess_Cue.uasset" 124
"../../../Engine/Content/EditorSounds/Notifications/CompileFailed.uasset" 125
"../../../Engine/Content/EditorSounds/Notifications/CompileFailed_Cue.uasset" 126
"../../../Engine/Content/MobileResources/HUD/VirtualJoystick_Background.uasset" 127
"../../../Engine/Content/MobileResources/HUD/VirtualJoystick_Thumb.uasset" 128
"../../../Engine/Content/MobileResources/HUD/LeftVirtualJoystickOnly.uasset" 129
"../../../Engine/Content/MobileResources/T_MobileControls_texture.uasset" 130
"../../../UMod/Content/UMod/Sounds/Smoke.uasset" 131
"../../../UMod/Content/UMod/Sounds/Sparks.uasset" 132
"../../../UMod/Content/UMod/Sounds/FootSteps/Wood.uasset" 133
"../../../Engine/Content/MobileResources/HUD/MobileHUDButton2_off.uasset" 134
"../../../Engine/Content/MobileResources/T_MobileMenu2.uasset" 135
"../../../Engine/Content/MobileResources/HUD/DefaultVirtualJoysticks.uasset" 136
"../../../Engine/Content/MobileResources/HUD/MobileHUDButton2_on.uasset" 137
"../../../Engine/Content/MobileResources/HUD/T_Castle_ThumbstickOutter.uasset" 138
"../../../Engine/Content/MobileResources/HUD/T_Castle_ThumbstickInner.uasset" 139
"../../../UMod/Content/UMod/Materials/Textures/Spark.uasset" 140
"../../../Engine/Content/MobileResources/HUD/MobileHUDButton1_on.uasset" 141
"../../../Engine/Content/EngineMaterials/WorldGridMaterial.uasset" 142
"../../../UMod/Content/UMod/Models/Weapons/W_PhysicsGun.uasset" 143
"../../../UMod/Content/UMod/Sounds/Explosion.uasset" 144
"../../../UMod/Content/UMod/Sounds/Fire.uasset" 145
"../../../Engine/Content/EditorResources/S_KBSJoint.uasset" 146
"../../../UMod/Content/UMod/Models/Vehicles/UMod_Car.uasset" 147
"../../../UMod/Content/UMod/Models/Weapons/V_PhysicsGun.uasset" 148
"../../../Engine/Content/Functions/Engine_MaterialFunctions02/Utility/MakeFloat2.uasset" 149
"../../../UMod/Content/UMod/Materials/MaterialCore/PannerHack.uasset" 150
"../../../UMod/Content/UMod/Materials/Textures/Metals/Aluminium.uasset" 151
"../../../UMod/Content/UMod/Materials/MaterialCore/UModOpaque.uasset" 152
"../../../UMod/Content/UMod/Materials/MaterialCore/Wood.uasset" 153
"../../../UMod/Content/UMod/Materials/Textures/Woods/Walnut.uasset" 154
"../../../UMod/Content/UMod/Materials/Textures/Woods/Walnut_N.uasset" 155
"../../../UMod/Content/UMod/Materials/Woods/Walnut.uasset" 156
"../../../UMod/Content/UMod/Materials/BasicWall.uasset" 157
"../../../UMod/Content/UMod/Models/Cup.uasset" 158
"../../../UMod/Content/UMod/Materials/MaterialCore/Metal.uasset" 159
"../../../UMod/Content/UMod/Materials/Textures/Models/PropSquare.uasset" 160
"../../../UMod/Content/UMod/Materials/Models/PropMat.uasset" 161
"../../../UMod/Content/UMod/Models/PropSquare_1x2.uasset" 162
"../../../UMod/Content/UMod/Models/PropSquare_2x2.uasset" 163
"../../../UMod/Content/UMod/Models/PropSquare_2x3.uasset" 164
"../../../UMod/Content/UMod/Models/PropSquare_2x4.uasset" 165
"../../../UMod/Content/UMod/Models/PropSquare_3x4.uasset" 166
"../../../UMod/Content/UMod/Models/PropSquare_4x4.uasset" 167
"../../../UMod/Content/UMod/Models/PropTriangle_1x1.uasset" 168
"../../../UMod/Content/UMod/Materials/MaterialCore/Rock.uasset" 169
"../../../UMod/Content/UMod/Materials/Textures/Models/Rock_N.uasset" 170
"../../../UMod/Content/UMod/Materials/Textures/Stones/Basalt.uasset" 171
"../../../UMod/Content/UMod/Materials/Models/Rock.uasset" 172
"../../../UMod/Content/UMod/Models/Rock.uasset" 173
"../../../UMod/Content/UMod/Materials/Textures/Woods/FloorWalnut.uasset" 174
"../../../UMod/Content/UMod/Materials/Textures/Woods/FloorWalnut_N.uasset" 175
"../../../UMod/Content/UMod/Materials/Woods/FloorWalnut.uasset" 176
"../../../UMod/Content/UMod/Materials/Textures/Woods/Parket.uasset" 177
"../../../UMod/Content/UMod/Materials/Textures/Woods/Parket_N.uasset" 178
"../../../UMod/Content/UMod/Materials/Woods/Parket.uasset" 179
"../../../UMod/Content/UMod/Materials/Textures/Woods/ParketRotated.uasset" 180
"../../../UMod/Content/UMod/Materials/Textures/Woods/ParketRotated_N.uasset" 181
"../../../UMod/Content/UMod/Materials/Woods/ParketRotated.uasset" 182
"../../../UMod/Content/UMod/Materials/Textures/Woods/Pine.uasset" 183
"../../../UMod/Content/UMod/Materials/Textures/Woods/Pine_N.uasset" 184
"../../../UMod/Content/UMod/Materials/Woods/Pine.uasset" 185
"../../../UMod/Content/Internal/Textures/Logo.uasset" 186
"../../../UMod/Content/UMod/Materials/Glass.uasset" 187
"../../../UMod/Content/UMod/Materials/Textures/Grounds/Gravel.uasset" 188
"../../../UMod/Content/UMod/Materials/Textures/Grounds/Gravel_N.uasset" 189
"../../../UMod/Content/UMod/Materials/Grounds/Gravel.uasset" 190
"../../../UMod/Content/UMod/Materials/Textures/Grounds/Moss.uasset" 191
"../../../UMod/Content/UMod/Materials/Textures/Grounds/Moss_N.uasset" 192
"../../../UMod/Content/UMod/Materials/Grounds/Moss.uasset" 193
"../../../UMod/Content/UMod/Materials/MaterialCore/Glass.uasset" 194
"../../../Engine/Content/Functions/Engine_MaterialFunctions02/Math/TimeWithSpeedVariable.uasset" 195
"../../../UMod/Content/UMod/Materials/MaterialCore/UModMasked.uasset" 196
"../../../Engine/Content/MobileResources/HUD/AnalogHat.uasset" 197
"../../../Engine/Content/EditorResources/EmptyActor.uasset" 198
"../../../UMod/Content/UMod/Materials/MaterialCore/UModTranslucent.uasset" 199
"../../../UMod/Content/UMod/Materials/Metals/Aluminium.uasset" 200
"../../../UMod/Content/UMod/Materials/Textures/Metals/Copper.uasset" 201
"../../../UMod/Content/UMod/Materials/Metals/Copper.uasset" 202
"../../../UMod/Content/UMod/Materials/Textures/Metals/Gold.uasset" 203
"../../../UMod/Content/UMod/Materials/Textures/Metals/Gold_N.uasset" 204
"../../../UMod/Content/UMod/Materials/Metals/Gold.uasset" 205
"../../../UMod/Content/UMod/Materials/Textures/Metals/Rust.uasset" 206
"../../../UMod/Content/UMod/Materials/Textures/Metals/Rust_N.uasset" 207
"../../../UMod/Content/UMod/Materials/Metals/Rust.uasset" 208
"../../../UMod/Content/UMod/Materials/Textures/Metals/Steel.uasset" 209
"../../../UMod/Content/UMod/Materials/Textures/Metals/Steel_N.uasset" 210
"../../../UMod/Content/UMod/Materials/Metals/Steel.uasset" 211
"../../../UMod/Content/UMod/Materials/Textures/Models/TechShelf_M.uasset" 212
"../../../UMod/Content/UMod/Materials/Textures/Models/TechShelf_N.uasset" 213
"../../../UMod/Content/UMod/Materials/Models/TechShelf.uasset" 214
"../../../UMod/Content/UMod/Materials/Textures/Models/TechTableRound_M.uasset" 215
"../../../UMod/Content/UMod/Materials/Textures/Models/TechTableRound_N.uasset" 216
"../../../UMod/Content/UMod/Materials/Models/TechTableRound.uasset" 217
"../../../UMod/Content/UMod/Materials/Textures/Stones/Basalt_N.uasset" 218
"../../../UMod/Content/UMod/Materials/Stones/Basalt.uasset" 219
"../../../UMod/Content/UMod/Materials/Textures/Stones/BrickClayNew.uasset" 220
"../../../UMod/Content/UMod/Materials/Textures/Stones/BrickClayNew_N.uasset" 221
"../../../UMod/Content/UMod/Materials/Stones/BrickClayNew.uasset" 222
"../../../UMod/Content/UMod/Materials/Textures/Stones/BrickClayOld.uasset" 223
"../../../UMod/Content/UMod/Materials/Textures/Stones/BrickClayOld_N.uasset" 224
"../../../UMod/Content/UMod/Materials/Stones/BrickClayOld.uasset" 225
"../../../UMod/Content/UMod/Materials/Textures/Stones/CobblestoneRough.uasset" 226
"../../../UMod/Content/UMod/Materials/Textures/Stones/CobblestoneRough_N.uasset" 227
"../../../UMod/Content/UMod/Materials/Stones/CobblestoneRough.uasset" 228
"../../../UMod/Content/UMod/Materials/Textures/Stones/ConcreteTiles.uasset" 229
"../../../UMod/Content/UMod/Materials/Textures/Stones/ConcreteTiles_N.uasset" 230
"../../../UMod/Content/UMod/Materials/Stones/ConcreteTiles.uasset" 231
"../../../UMod/Content/UMod/Materials/Textures/Stones/CrackedStone.uasset" 232
"../../../UMod/Content/UMod/Materials/Textures/Stones/CrackedStone_N.uasset" 233
"../../../UMod/Content/UMod/Materials/Stones/CrackedStone.uasset" 234
"../../../UMod/Content/UMod/Materials/Textures/Stones/HewnStone.uasset" 235
"../../../UMod/Content/UMod/Materials/Textures/Stones/HewnStone_N.uasset" 236
"../../../UMod/Content/UMod/Materials/Stones/HewnStone.uasset" 237
"../../../UMod/Content/UMod/Materials/Textures/Stones/MarblePolished.uasset" 238
"../../../UMod/Content/UMod/Materials/Stones/MarblePolished.uasset" 239
"../../../UMod/Content/UMod/Materials/Textures/Stones/Sandstone.uasset" 240
"../../../UMod/Content/UMod/Materials/Textures/Stones/Sandstone_N.uasset" 241
"../../../UMod/Content/UMod/Materials/Stones/Sandstone.uasset" 242
"../../../UMod/Content/UMod/Materials/Textures/Stones/Slate.uasset" 243
"../../../UMod/Content/UMod/Materials/Textures/Stones/Slate_N.uasset" 244
"../../../UMod/Content/UMod/Materials/Stones/Slate.uasset" 245
"../../../UMod/Content/UMod/Materials/Textures/Stones/SmoothGranite.uasset" 246
"../../../UMod/Content/UMod/Materials/Stones/SmoothGranite.uasset" 247
"../../../UMod/Content/Internal/Textures/WindowIcon.uasset" 248
"../../../UMod/Content/UMod/Character/Animations/idle_1.uasset" 249
"../../../UMod/Content/UMod/Character/Animations/Lay.uasset" 250
"../../../UMod/Content/UMod/Character/Animations/Sit.uasset" 251
"../../../UMod/Content/UMod/Materials/BasicFloor.uasset" 252
"../../../UMod/Content/UMod/Sounds/Hits/Wood.uasset" 253
"../../../Engine/Content/BasicShapes/Cone.uasset" 254
"../../../Engine/Content/BasicShapes/Cylinder.uasset" 255
"../../../Engine/Content/BasicShapes/Sphere.uasset" 256
"../../../Engine/Content/EditorMaterials/PhAT_JointLimitMaterial.uasset" 257
"../../../Engine/Content/EditorMaterials/PreviewShadowIndicator.uasset" 258
"../../../Engine/Content/EditorMaterials/PreviewShadowIndicatorMaterial.uasset" 259
"../../../Engine/Content/EditorMeshes/ColorCalibrator/M_ChromeBall.uasset" 260
"../../../Engine/Content/EditorMeshes/ColorCalibrator/M_ClearCoat.uasset" 261
"../../../Engine/Content/EditorMeshes/ColorCalibrator/M_ClearCoatBlack.uasset" 262
"../../../Engine/Content/EditorMeshes/ColorCalibrator/T_ColorGrid.uasset" 263
"../../../Engine/Content/EditorMeshes/ColorCalibrator/M_ColorGrid.uasset" 264
"../../../Engine/Content/EditorMeshes/ColorCalibrator/M_GreyBall.uasset" 265
"../../../Engine/Content/EditorMeshes/ColorCalibrator/SM_ColorCalibrator.uasset" 266
"../../../Engine/Content/EditorResources/BSPVertex.uasset" 267
"../../../Engine/Content/EngineDebugMaterials/HeatmapGradient.uasset" 268
"../../../Engine/Content/EngineDebugMaterials/BoneWeightMaterial.uasset" 269
"../../../Engine/Content/EngineDebugMaterials/GeomMaterial.uasset" 270
"../../../Engine/Content/EngineMaterials/EditorBrushMaterial.uasset" 271
"../../../Engine/Content/EngineMeshes/Cube.uasset" 272
"../../../Engine/Content/Tutorial/Basics/TutorialAssets/icon_tab_Levels_40x.uasset" 273
"../../../Engine/Content/Tutorial/BlueprintTutorials/TutorialAssets/BlueprintInterface_64x.uasset" 274
"../../../Engine/Content/Tutorial/BlueprintTutorials/TutorialAssets/BlueprintMacroLibrary_64x.uasset" 275
"../../../Engine/Content/Tutorial/BlueprintTutorials/TutorialAssets/Blueprint_64x.uasset" 276
"../../../Engine/Content/Tutorial/BlueprintTutorials/TutorialAssets/Tutorial_BP_Interface.uasset" 277
"../../../Engine/Content/Tutorial/Foliage/TutorialAssets/Foliage.uasset" 278
"../../../Engine/Content/Tutorial/Landscape/TutorialAssets/Landscape.uasset" 279
"../../../Engine/Content/Tutorial/Paper2D/TutorialAssets/Paper2DFlipbook_TutorialIcon.uasset" 280
"../../../Engine/Content/Tutorial/Paper2D/TutorialAssets/Paper2DSprite_TutorialIcon.uasset" 281
"../../../Engine/Content/Tutorial/SubEditors/TutorialAssets/icon_Editor_Preferences_General_40x.uasset" 282
"../../../Engine/Content/Tutorial/SubEditors/TutorialAssets/icon_ShowSkeletalMeshes_40x.uasset" 283
"../../../Engine/Content/Tutorial/SubEditors/TutorialAssets/TutorialMaterial.uasset" 284
"../../../Engine/Content/Tutorial/SubEditors/TutorialAssets/T_SmokeSubUV_8X8.uasset" 285
"../../../Engine/Content/Tutorial/SubEditors/TutorialAssets/T_soft_smoke.uasset" 286
"../../../Engine/Content/Tutorial/SubEditors/TutorialAssets/M_smoke_subUV_blackbody.uasset" 287
"../../../Engine/Content/Tutorial/SubEditors/TutorialAssets/TutorialParticleSystem.uasset" 288
"../../../Engine/Content/EditorMeshes/EditorCube.uasset" 289
"../../../Engine/Content/Tutorial/SubEditors/TutorialAssets/Tutorial_DM.uasset" 290
"../../../Engine/Content/EditorBlueprintResources/StandardMacros.uasset" 291
"../../../Engine/Content/EngineSky/C_Sky_Cloud_Color.uasset" 292
"../../../Engine/Content/EngineSky/C_Sky_Horizon_Color.uasset" 293
"../../../Engine/Content/EngineSky/C_Sky_Zenith_Color.uasset" 294
"../../../Engine/Content/EngineSky/T_Sky_Blue.uasset" 295
"../../../Engine/Content/EngineSky/T_Sky_Clouds_M.uasset" 296
"../../../Engine/Content/EngineSky/T_Sky_Stars.uasset" 297
"../../../Engine/Content/EngineSky/M_Sky_Panning_Clouds2.uasset" 298
"../../../Engine/Content/EngineSky/SM_SkySphere.uasset" 299
"../../../Engine/Content/EngineSky/BP_Sky_Sphere.uasset" 300
"../../../UMod/Content/Internal/Blueprints/SplinePath.uasset" 301
"../../../UMod/Content/UMod/Materials/Textures/Water_M.uasset" 302
"../../../UMod/Content/UMod/Materials/Textures/Water_N.uasset" 303
"../../../UMod/Content/UMod/Materials/Water.uasset" 304
"../../../UMod/Content/UMod/Materials/Textures/Grounds/Grass.uasset" 305
"../../../UMod/Content/UMod/Materials/Textures/Grounds/Grass_N.uasset" 306
"../../../UMod/Content/UMod/Materials/Grounds/Grass.uasset" 307
"../../../UMod/Content/UMod/Materials/Textures/Models/TechChair_M.uasset" 308
"../../../UMod/Content/UMod/Materials/Textures/Models/TechChair_N.uasset" 309
"../../../UMod/Content/UMod/Materials/Models/TechChair.uasset" 310
"../../../UMod/Content/UMod/Materials/Textures/Stones/CobblestoneSmooth.uasset" 311
"../../../UMod/Content/UMod/Materials/Textures/Stones/CobblestoneSmooth_N.uasset" 312
"../../../UMod/Content/UMod/Materials/Stones/CobblestoneSmooth.uasset" 313
"../../../Engine/Content/BasicShapes/Cube.uasset" 314
"../../../Engine/Content/EngineMaterials/DefaultPhysicalMaterial.uasset" 315
"../../../UMod/Content/Internal/ConsoleLine.uasset" 316
"../../../UMod/Content/Internal/ConsoleUI.uasset" 317
"../../../UMod/Content/Internal/Maps/UMG_InputPanel.uasset" 318
"../../../UMod/Content/UMod/Fonts/FederationRegular.uasset" 319
"../../../UMod/Content/Internal/Maps/EMainMenuDIpslayPanel.uasset" 320
"../../../UMod/Content/Internal/Maps/EMainMenuSettingsGUI.uasset" 321
"../../../UMod/Content/Internal/Maps/UMG_MainMenu.uasset" 322
"../../../Engine/Content/ArtTools/RenderToTexture/Textures/127grey.uasset" 323
"../../../UMod/Content/UMod/Materials/Models/CubeMat.uasset" 324
"../../../UMod/Content/UMod/Models/CubeMesh.uasset" 325
"../../../UMod/Content/UMod/Models/PropSquare_1x1.uasset" 326
"../../../UMod/Content/UMod/Models/RoundedCube.uasset" 327
"../../../UMod/Content/UMod/Models/TechCouch.uasset" 328
"../../../UMod/Content/UMod/Materials/MaterialCore/UModParticle.uasset" 329
"../../../UMod/Content/UMod/Materials/Textures/FireTiled.uasset" 330
"../../../UMod/Content/UMod/Materials/Fire.uasset" 331
"../../../UMod/Content/UMod/Particles/Fire.uasset" 332
"../../../UMod/Content/Internal/Maps/MainMenu.umap" 333
"../../../Engine/Content/EngineMaterials/DefaultNormal.uasset" 334
"../../../Engine/Content/Maps/Entry.umap" 335
"../../../UMod/Content/UMod/Fonts/FederationClassic.uasset" 336
"../../../UMod/Content/Internal/Maps/UMG_LoadScreen.uasset" 337
"../../../UMod/Content/Internal/Maps/LoadScreen.umap" 338
"../../../Engine/Content/Functions/Engine_MaterialFunctions03/Procedurals/ComputeFilterWidth.uasset" 339
"../../../Engine/Content/EngineMaterials/AntiAliasedTextMaterialTranslucent.uasset" 340
"../../../Engine/Content/MapTemplates/Bokeh_5Sides.uasset" 341
"../../../Engine/Content/MapTemplates/T_ScreenDirt02_w.uasset" 342
"../../../UMod/Content/UMod/Materials/Textures/Models/Bush.uasset" 343
"../../../UMod/Content/UMod/Materials/Textures/Models/Bush_N.uasset" 344
"../../../UMod/Content/UMod/Materials/Models/Bush.uasset" 345
"../../../UMod/Content/UMod/Models/Bush.uasset" 346
"../../../UMod/Content/UMod/Models/TechChair.uasset" 347
"../../../UMod/Content/UMod/Models/TechShelf.uasset" 348
"../../../UMod/Content/UMod/Models/TechTableRound.uasset" 349
"../../../UMod/Content/UMod/Maps/FirstPersonExampleMap.umap" 350
"../../../UMod/Content/UMod/Materials/Textures/Woods/Oak.uasset" 351
"../../../UMod/Content/UMod/Materials/Textures/Woods/Oak_N.uasset" 352
"../../../UMod/Content/UMod/Materials/Woods/Oak.uasset" 353
"../../../UMod/Content/UMod/Maps/UB_Construct.umap" 354
"../../../Engine/Content/MapTemplates/SM_Template_Map_Floor.uasset" 355
"../../../UMod/Content/UMod/Maps/TestMap.umap" 356
